<?xml version="1.0" encoding="UTF-8"?>
<testng-results skipped="0" failed="0" ignored="0" total="1" passed="1">
  <reporter-output>
  </reporter-output>
  <suite name="testAppium.AmazonEvaluationExercise.TestClass" duration-ms="105689" started-at="2019-02-20T11:23:57Z" finished-at="2019-02-20T11:25:43Z">
    <groups>
    </groups>
    <test name="Command line test" duration-ms="105689" started-at="2019-02-20T11:23:57Z" finished-at="2019-02-20T11:25:43Z">
      <class name="testAppium.AmazonEvaluationExercise.TestClass">
        <test-method status="PASS" signature="beforeMethod()[pri:0, instance:testAppium.AmazonEvaluationExercise.TestClass@9f70c54]" name="beforeMethod" is-config="true" duration-ms="9001" started-at="2019-02-20T11:23:57Z" finished-at="2019-02-20T11:24:06Z">
          <reporter-output>
          </reporter-output>
        </test-method> <!-- beforeMethod -->
        <test-method status="PASS" signature="testScenario()[pri:0, instance:testAppium.AmazonEvaluationExercise.TestClass@9f70c54]" name="testScenario" duration-ms="95288" started-at="2019-02-20T11:24:06Z" finished-at="2019-02-20T11:25:42Z">
          <reporter-output>
          </reporter-output>
        </test-method> <!-- testScenario -->
        <test-method status="PASS" signature="afterMethod()[pri:0, instance:testAppium.AmazonEvaluationExercise.TestClass@9f70c54]" name="afterMethod" is-config="true" duration-ms="1377" started-at="2019-02-20T11:25:42Z" finished-at="2019-02-20T11:25:43Z">
          <reporter-output>
          </reporter-output>
        </test-method> <!-- afterMethod -->
      </class> <!-- testAppium.AmazonEvaluationExercise.TestClass -->
    </test> <!-- Command line test -->
  </suite> <!-- testAppium.AmazonEvaluationExercise.TestClass -->
</testng-results>
