<?xml version="1.0" encoding="UTF-8"?>
<testng-results skipped="0" failed="0" ignored="0" total="1" passed="1">
  <reporter-output>
  </reporter-output>
  <suite name="Suite" duration-ms="101386" started-at="2019-02-22T06:24:07Z" finished-at="2019-02-22T06:25:49Z">
    <groups>
    </groups>
    <test name="Testing on Android Emulator" duration-ms="101386" started-at="2019-02-22T06:24:07Z" finished-at="2019-02-22T06:25:49Z">
      <class name="testAppium.AmazonEvaluationExercise.TestClass">
        <test-method status="PASS" signature="beforeMethod(java.lang.String)[pri:0, instance:testAppium.AmazonEvaluationExercise.TestClass@3f49dace]" name="beforeMethod" is-config="true" duration-ms="6546" started-at="2019-02-22T06:24:07Z" finished-at="2019-02-22T06:24:14Z">
          <params>
            <param index="0">
              <value>
                <![CDATA[Android]]>
              </value>
            </param>
          </params>
          <reporter-output>
          </reporter-output>
        </test-method> <!-- beforeMethod -->
        <test-method status="PASS" signature="testAmazon_Android()[pri:0, instance:testAppium.AmazonEvaluationExercise.TestClass@3f49dace]" name="testAmazon_Android" duration-ms="93768" started-at="2019-02-22T06:24:14Z" finished-at="2019-02-22T06:25:47Z">
          <reporter-output>
          </reporter-output>
        </test-method> <!-- testAmazon_Android -->
        <test-method status="PASS" signature="afterMethod()[pri:0, instance:testAppium.AmazonEvaluationExercise.TestClass@3f49dace]" name="afterMethod" is-config="true" duration-ms="1050" started-at="2019-02-22T06:25:47Z" finished-at="2019-02-22T06:25:49Z">
          <reporter-output>
          </reporter-output>
        </test-method> <!-- afterMethod -->
      </class> <!-- testAppium.AmazonEvaluationExercise.TestClass -->
    </test> <!-- Testing on Android Emulator -->
  </suite> <!-- Suite -->
</testng-results>
