<?xml version="1.0" encoding="UTF-8"?>
<testng-results skipped="0" failed="0" ignored="0" total="1" passed="1">
  <reporter-output>
  </reporter-output>
  <suite name="Default suite" duration-ms="92786" started-at="2019-02-14T07:06:03Z" finished-at="2019-02-14T07:07:36Z">
    <groups>
    </groups>
    <test name="Default test" duration-ms="92786" started-at="2019-02-14T07:06:03Z" finished-at="2019-02-14T07:07:36Z">
      <class name="testAppium.AmazonEvaluationExercise.Test">
        <test-method status="PASS" signature="beforeMethod()[pri:0, instance:testAppium.AmazonEvaluationExercise.Test@6a192cfe]" name="beforeMethod" is-config="true" duration-ms="11552" started-at="2019-02-14T07:06:03Z" finished-at="2019-02-14T07:06:14Z">
          <reporter-output>
          </reporter-output>
        </test-method> <!-- beforeMethod -->
        <test-method status="PASS" signature="testScenario()[pri:0, instance:testAppium.AmazonEvaluationExercise.Test@6a192cfe]" name="testScenario" duration-ms="80508" started-at="2019-02-14T07:06:14Z" finished-at="2019-02-14T07:07:35Z">
          <reporter-output>
          </reporter-output>
        </test-method> <!-- testScenario -->
        <test-method status="PASS" signature="afterMethod()[pri:0, instance:testAppium.AmazonEvaluationExercise.Test@6a192cfe]" name="afterMethod" is-config="true" duration-ms="686" started-at="2019-02-14T07:07:35Z" finished-at="2019-02-14T07:07:36Z">
          <reporter-output>
          </reporter-output>
        </test-method> <!-- afterMethod -->
      </class> <!-- testAppium.AmazonEvaluationExercise.Test -->
    </test> <!-- Default test -->
  </suite> <!-- Default suite -->
</testng-results>
